<?xml version="1.0" encoding="UTF-8"?>
<robot generator="Robot 3.2.1 (Python 3.8.3 on win32)" generated="20200621 23:14:12.781" rpa="false">
<suite id="s1" name="Login Form" source="c:\qaninja\robot\web\tests\login_form.robot">
<test id="s1-t1" name="Login com sucesso">
<kw name="Nova sessão" library="base" type="setup">
<kw name="Open Browser" library="SeleniumLibrary">
<doc>Opens a new browser instance to the optional ``url``.</doc>
<arguments>
<arg>${url}</arg>
<arg>chrome</arg>
</arguments>
<msg timestamp="20200621 23:14:13.259" level="INFO">Opening browser 'chrome' to base url 'https://training-wheels-protocol.herokuapp.com/'.</msg>
<status status="PASS" starttime="20200621 23:14:13.259" endtime="20200621 23:14:20.970"></status>
</kw>
<status status="PASS" starttime="20200621 23:14:13.259" endtime="20200621 23:14:20.972"></status>
</kw>
<kw name="Go To" library="SeleniumLibrary">
<doc>Navigates the current browser window to the provided ``url``.</doc>
<arguments>
<arg>${url}/login</arg>
</arguments>
<msg timestamp="20200621 23:14:20.987" level="INFO">Opening url 'https://training-wheels-protocol.herokuapp.com//login'</msg>
<status status="PASS" starttime="20200621 23:14:20.986" endtime="20200621 23:14:22.289"></status>
</kw>
<kw name="Login With">
<arguments>
<arg>stark</arg>
<arg>jarvis!</arg>
</arguments>
<kw name="Input Text" library="SeleniumLibrary">
<doc>Types the given ``text`` into the text field identified by ``locator``.</doc>
<arguments>
<arg>css:input[name='username']</arg>
<arg>${uname}</arg>
</arguments>
<msg timestamp="20200621 23:14:22.292" level="INFO">Typing text 'stark' into text field 'css:input[name='username']'.</msg>
<status status="PASS" starttime="20200621 23:14:22.291" endtime="20200621 23:14:22.486"></status>
</kw>
<kw name="Input Text" library="SeleniumLibrary">
<doc>Types the given ``text`` into the text field identified by ``locator``.</doc>
<arguments>
<arg>css:input[name='password']</arg>
<arg>${pass}</arg>
</arguments>
<msg timestamp="20200621 23:14:22.487" level="INFO">Typing text 'jarvis!' into text field 'css:input[name='password']'.</msg>
<status status="PASS" starttime="20200621 23:14:22.486" endtime="20200621 23:14:22.654"></status>
</kw>
<kw name="Click Element" library="SeleniumLibrary">
<doc>Click the element identified by ``locator``.</doc>
<arguments>
<arg>class:btn-login</arg>
</arguments>
<msg timestamp="20200621 23:14:22.656" level="INFO">Clicking element 'class:btn-login'.</msg>
<status status="PASS" starttime="20200621 23:14:22.654" endtime="20200621 23:14:23.347"></status>
</kw>
<status status="PASS" starttime="20200621 23:14:22.290" endtime="20200621 23:14:23.347"></status>
</kw>
<kw name="Should See Logged User">
<arguments>
<arg>Tony Stark</arg>
</arguments>
<kw name="Page Should Contain" library="SeleniumLibrary">
<doc>Verifies that current page contains ``text``.</doc>
<arguments>
<arg>Olá, ${full_name}. Você acessou a área logada!</arg>
</arguments>
<msg timestamp="20200621 23:14:23.425" level="INFO">Current page contains text 'Olá, Tony Stark. Você acessou a área logada!'.</msg>
<status status="PASS" starttime="20200621 23:14:23.352" endtime="20200621 23:14:23.425"></status>
</kw>
<status status="PASS" starttime="20200621 23:14:23.351" endtime="20200621 23:14:23.426"></status>
</kw>
<kw name="Encerra sessão" library="base" type="teardown">
<kw name="Capture Page Screenshot" library="SeleniumLibrary">
<doc>Takes a screenshot of the current page and embeds it into a log file.</doc>
<msg timestamp="20200621 23:14:23.965" level="INFO" html="yes">&lt;/td&gt;&lt;/tr&gt;&lt;tr&gt;&lt;td colspan="3"&gt;&lt;a href="selenium-screenshot-27.png"&gt;&lt;img src="selenium-screenshot-27.png" width="800px"&gt;&lt;/a&gt;</msg>
<status status="PASS" starttime="20200621 23:14:23.432" endtime="20200621 23:14:23.965"></status>
</kw>
<kw name="Close Browser" library="SeleniumLibrary">
<doc>Closes the current browser.</doc>
<status status="PASS" starttime="20200621 23:14:23.966" endtime="20200621 23:14:26.267"></status>
</kw>
<status status="PASS" starttime="20200621 23:14:23.431" endtime="20200621 23:14:26.267"></status>
</kw>
<status status="PASS" starttime="20200621 23:14:13.256" endtime="20200621 23:14:26.268" critical="yes"></status>
</test>
<test id="s1-t2" name="Senha inválida">
<kw name="Nova sessão" library="base" type="setup">
<kw name="Open Browser" library="SeleniumLibrary">
<doc>Opens a new browser instance to the optional ``url``.</doc>
<arguments>
<arg>${url}</arg>
<arg>chrome</arg>
</arguments>
<msg timestamp="20200621 23:14:26.274" level="INFO">Opening browser 'chrome' to base url 'https://training-wheels-protocol.herokuapp.com/'.</msg>
<status status="PASS" starttime="20200621 23:14:26.274" endtime="20200621 23:14:34.363"></status>
</kw>
<status status="PASS" starttime="20200621 23:14:26.271" endtime="20200621 23:14:34.363"></status>
</kw>
<kw name="Go To" library="SeleniumLibrary">
<doc>Navigates the current browser window to the provided ``url``.</doc>
<arguments>
<arg>${url}/login</arg>
</arguments>
<msg timestamp="20200621 23:14:34.364" level="INFO">Opening url 'https://training-wheels-protocol.herokuapp.com//login'</msg>
<status status="PASS" starttime="20200621 23:14:34.364" endtime="20200621 23:14:35.293"></status>
</kw>
<kw name="Login With">
<arguments>
<arg>stark</arg>
<arg>123abc</arg>
</arguments>
<kw name="Input Text" library="SeleniumLibrary">
<doc>Types the given ``text`` into the text field identified by ``locator``.</doc>
<arguments>
<arg>css:input[name='username']</arg>
<arg>${uname}</arg>
</arguments>
<msg timestamp="20200621 23:14:35.297" level="INFO">Typing text 'stark' into text field 'css:input[name='username']'.</msg>
<status status="PASS" starttime="20200621 23:14:35.295" endtime="20200621 23:14:35.436"></status>
</kw>
<kw name="Input Text" library="SeleniumLibrary">
<doc>Types the given ``text`` into the text field identified by ``locator``.</doc>
<arguments>
<arg>css:input[name='password']</arg>
<arg>${pass}</arg>
</arguments>
<msg timestamp="20200621 23:14:35.437" level="INFO">Typing text '123abc' into text field 'css:input[name='password']'.</msg>
<status status="PASS" starttime="20200621 23:14:35.436" endtime="20200621 23:14:35.620"></status>
</kw>
<kw name="Click Element" library="SeleniumLibrary">
<doc>Click the element identified by ``locator``.</doc>
<arguments>
<arg>class:btn-login</arg>
</arguments>
<msg timestamp="20200621 23:14:35.622" level="INFO">Clicking element 'class:btn-login'.</msg>
<status status="PASS" starttime="20200621 23:14:35.621" endtime="20200621 23:14:36.231"></status>
</kw>
<status status="PASS" starttime="20200621 23:14:35.294" endtime="20200621 23:14:36.231"></status>
</kw>
<kw name="Should Contain Login Alert">
<arguments>
<arg>Senha é invalida</arg>
</arguments>
<kw name="Get WebElement" library="SeleniumLibrary">
<doc>Returns the first WebElement matching the given ``locator``.</doc>
<arguments>
<arg>id:flash</arg>
</arguments>
<assign>
<var>${message}</var>
</assign>
<msg timestamp="20200621 23:14:36.318" level="INFO">${message} = &lt;selenium.webdriver.remote.webelement.WebElement (session="ac5147c88d6d24c53a61704965c518c9", element="36d55af9-b405-46f6-a9f4-ea2db6fa7fbd")&gt;</msg>
<status status="PASS" starttime="20200621 23:14:36.233" endtime="20200621 23:14:36.319"></status>
</kw>
<kw name="Should Contain" library="BuiltIn">
<doc>Fails if ``container`` does not contain ``item`` one or more times.</doc>
<arguments>
<arg>${message.text}</arg>
<arg>${expect_message}</arg>
</arguments>
<status status="PASS" starttime="20200621 23:14:36.319" endtime="20200621 23:14:36.358"></status>
</kw>
<status status="PASS" starttime="20200621 23:14:36.232" endtime="20200621 23:14:36.358"></status>
</kw>
<kw name="Encerra sessão" library="base" type="teardown">
<kw name="Capture Page Screenshot" library="SeleniumLibrary">
<doc>Takes a screenshot of the current page and embeds it into a log file.</doc>
<msg timestamp="20200621 23:14:36.745" level="INFO" html="yes">&lt;/td&gt;&lt;/tr&gt;&lt;tr&gt;&lt;td colspan="3"&gt;&lt;a href="selenium-screenshot-28.png"&gt;&lt;img src="selenium-screenshot-28.png" width="800px"&gt;&lt;/a&gt;</msg>
<status status="PASS" starttime="20200621 23:14:36.361" endtime="20200621 23:14:36.746"></status>
</kw>
<kw name="Close Browser" library="SeleniumLibrary">
<doc>Closes the current browser.</doc>
<status status="PASS" starttime="20200621 23:14:36.746" endtime="20200621 23:14:39.078"></status>
</kw>
<status status="PASS" starttime="20200621 23:14:36.360" endtime="20200621 23:14:39.079"></status>
</kw>
<tags>
<tag>login_error</tag>
</tags>
<status status="PASS" starttime="20200621 23:14:26.270" endtime="20200621 23:14:39.080" critical="yes"></status>
</test>
<test id="s1-t3" name="Usuário não existe">
<kw name="Nova sessão" library="base" type="setup">
<kw name="Open Browser" library="SeleniumLibrary">
<doc>Opens a new browser instance to the optional ``url``.</doc>
<arguments>
<arg>${url}</arg>
<arg>chrome</arg>
</arguments>
<msg timestamp="20200621 23:14:39.085" level="INFO">Opening browser 'chrome' to base url 'https://training-wheels-protocol.herokuapp.com/'.</msg>
<status status="PASS" starttime="20200621 23:14:39.085" endtime="20200621 23:14:48.682"></status>
</kw>
<status status="PASS" starttime="20200621 23:14:39.084" endtime="20200621 23:14:48.682"></status>
</kw>
<kw name="Go To" library="SeleniumLibrary">
<doc>Navigates the current browser window to the provided ``url``.</doc>
<arguments>
<arg>${url}/login</arg>
</arguments>
<msg timestamp="20200621 23:14:48.683" level="INFO">Opening url 'https://training-wheels-protocol.herokuapp.com//login'</msg>
<status status="PASS" starttime="20200621 23:14:48.683" endtime="20200621 23:14:49.394"></status>
</kw>
<kw name="Login With">
<arguments>
<arg>diogenes</arg>
<arg>123abc</arg>
</arguments>
<kw name="Input Text" library="SeleniumLibrary">
<doc>Types the given ``text`` into the text field identified by ``locator``.</doc>
<arguments>
<arg>css:input[name='username']</arg>
<arg>${uname}</arg>
</arguments>
<msg timestamp="20200621 23:14:49.397" level="INFO">Typing text 'diogenes' into text field 'css:input[name='username']'.</msg>
<status status="PASS" starttime="20200621 23:14:49.396" endtime="20200621 23:14:49.567"></status>
</kw>
<kw name="Input Text" library="SeleniumLibrary">
<doc>Types the given ``text`` into the text field identified by ``locator``.</doc>
<arguments>
<arg>css:input[name='password']</arg>
<arg>${pass}</arg>
</arguments>
<msg timestamp="20200621 23:14:49.568" level="INFO">Typing text '123abc' into text field 'css:input[name='password']'.</msg>
<status status="PASS" starttime="20200621 23:14:49.567" endtime="20200621 23:14:49.764"></status>
</kw>
<kw name="Click Element" library="SeleniumLibrary">
<doc>Click the element identified by ``locator``.</doc>
<arguments>
<arg>class:btn-login</arg>
</arguments>
<msg timestamp="20200621 23:14:49.765" level="INFO">Clicking element 'class:btn-login'.</msg>
<status status="PASS" starttime="20200621 23:14:49.764" endtime="20200621 23:14:50.671"></status>
</kw>
<status status="PASS" starttime="20200621 23:14:49.395" endtime="20200621 23:14:50.672"></status>
</kw>
<kw name="Get WebElement" library="SeleniumLibrary">
<doc>Returns the first WebElement matching the given ``locator``.</doc>
<arguments>
<arg>id:flash</arg>
</arguments>
<assign>
<var>${message}</var>
</assign>
<msg timestamp="20200621 23:14:50.695" level="INFO">${message} = &lt;selenium.webdriver.remote.webelement.WebElement (session="66f86356b89c5b6a69f647c4d627955c", element="faa9b1ca-01fb-456b-8945-fcf321f0da2b")&gt;</msg>
<status status="PASS" starttime="20200621 23:14:50.674" endtime="20200621 23:14:50.695"></status>
</kw>
<kw name="Should Contain Login Alert">
<arguments>
<arg>O usuário informado não está cadastrado!</arg>
</arguments>
<kw name="Get WebElement" library="SeleniumLibrary">
<doc>Returns the first WebElement matching the given ``locator``.</doc>
<arguments>
<arg>id:flash</arg>
</arguments>
<assign>
<var>${message}</var>
</assign>
<msg timestamp="20200621 23:14:50.709" level="INFO">${message} = &lt;selenium.webdriver.remote.webelement.WebElement (session="66f86356b89c5b6a69f647c4d627955c", element="faa9b1ca-01fb-456b-8945-fcf321f0da2b")&gt;</msg>
<status status="PASS" starttime="20200621 23:14:50.696" endtime="20200621 23:14:50.709"></status>
</kw>
<kw name="Should Contain" library="BuiltIn">
<doc>Fails if ``container`` does not contain ``item`` one or more times.</doc>
<arguments>
<arg>${message.text}</arg>
<arg>${expect_message}</arg>
</arguments>
<status status="PASS" starttime="20200621 23:14:50.709" endtime="20200621 23:14:50.742"></status>
</kw>
<status status="PASS" starttime="20200621 23:14:50.696" endtime="20200621 23:14:50.742"></status>
</kw>
<kw name="Encerra sessão" library="base" type="teardown">
<kw name="Capture Page Screenshot" library="SeleniumLibrary">
<doc>Takes a screenshot of the current page and embeds it into a log file.</doc>
<msg timestamp="20200621 23:14:51.163" level="INFO" html="yes">&lt;/td&gt;&lt;/tr&gt;&lt;tr&gt;&lt;td colspan="3"&gt;&lt;a href="selenium-screenshot-29.png"&gt;&lt;img src="selenium-screenshot-29.png" width="800px"&gt;&lt;/a&gt;</msg>
<status status="PASS" starttime="20200621 23:14:50.743" endtime="20200621 23:14:51.163"></status>
</kw>
<kw name="Close Browser" library="SeleniumLibrary">
<doc>Closes the current browser.</doc>
<status status="PASS" starttime="20200621 23:14:51.163" endtime="20200621 23:14:53.454"></status>
</kw>
<status status="PASS" starttime="20200621 23:14:50.743" endtime="20200621 23:14:53.455"></status>
</kw>
<tags>
<tag>login_user404</tag>
</tags>
<status status="PASS" starttime="20200621 23:14:39.083" endtime="20200621 23:14:53.456" critical="yes"></status>
</test>
<status status="PASS" starttime="20200621 23:14:12.785" endtime="20200621 23:14:53.461"></status>
</suite>
<statistics>
<total>
<stat pass="3" fail="0">Critical Tests</stat>
<stat pass="3" fail="0">All Tests</stat>
</total>
<tag>
<stat pass="1" fail="0">login_error</stat>
<stat pass="1" fail="0">login_user404</stat>
</tag>
<suite>
<stat pass="3" fail="0" id="s1" name="Login Form">Login Form</stat>
</suite>
</statistics>
<errors>
</errors>
</robot>
